        -:    0:Source:C:/Users/kgerg/Desktop/Egyetem/7.felev/BigProject/ADC_Driver/Unit/src/ADC_Driver.c
        -:    0:Graph:.\.obj\unittest_x86_x64\ADC_Driver.gcno
        -:    0:Data:.\.obj\unittest_x86_x64\ADC_Driver.gcda
        -:    0:Runs:7
        -:    1:/**
        -:    2: * @file ADC_Driver.c
        -:    3: * @brief TODO
        -:    4: * @date 2022-11-01-21:47:52
        -:    5:*/
        -:    6:#include "ADC_Driver.h"
        -:    7:/* Includes ------------------------------------------------------------------*/
        -:    8:
        -:    9:
        -:   10:/* Private includes ----------------------------------------------------------*/
        -:   11:
        -:   12:
        -:   13:/* Private typedef -----------------------------------------------------------*/
        -:   14:
        -:   15:
        -:   16:/* Private define ------------------------------------------------------------*/
        -:   17:
        -:   18:
        -:   19:/* Private macro -------------------------------------------------------------*/
        -:   20:
        -:   21:
        -:   22:/* Private variables ---------------------------------------------------------*/
        5:   23:void DoNothing(void){
        5:   24:    int i = 0;
        5:   25:    i++;
        5:   26:}
        -:   27:
